<?xml version="1.0" encoding="UTF-8"?>
<testng-results skipped="0" failed="0" ignored="0" total="1" passed="1">
  <reporter-output>
  </reporter-output>
  <suite name="Default suite" duration-ms="12102" started-at="2022-04-11T23:52:52 CDT" finished-at="2022-04-11T23:53:04 CDT">
    <groups>
    </groups>
    <test name="Default test" duration-ms="12102" started-at="2022-04-11T23:52:52 CDT" finished-at="2022-04-11T23:53:04 CDT">
      <class name="test.AddCustomerTest">
        <test-method status="PASS" signature="validUserShouldBeAbleToCreateCustomer()[pri:0, instance:test.AddCustomerTest@1d29cf23]" name="validUserShouldBeAbleToCreateCustomer" duration-ms="12051" started-at="2022-04-11T23:52:52 CDT" finished-at="2022-04-11T23:53:04 CDT">
          <reporter-output>
          </reporter-output>
        </test-method> <!-- validUserShouldBeAbleToCreateCustomer -->
      </class> <!-- test.AddCustomerTest -->
    </test> <!-- Default test -->
  </suite> <!-- Default suite -->
</testng-results>
